  CSimulator.cpp
C:\Users\nicholas\source\repos\SimuladorTermico\SimuladorTermico\CSimulator.cpp(91,20): warning C4018: '<': incompatibilidade de signed/unsigned
  CWindow.cpp
C:\Users\nicholas\source\repos\SimuladorTermico\SimuladorTermico\CWindow.cpp(113,77): warning C4244: 'argumento': conversão de 'T' para 'T', possível perda de dados
          with
          [
              T=unsigned int
          ]
          and
          [
              T=float
          ]
C:\Users\nicholas\source\repos\SimuladorTermico\SimuladorTermico\CWindow.cpp(113,57): warning C4244: 'argumento': conversão de 'T' para 'T', possível perda de dados
          with
          [
              T=unsigned int
          ]
          and
          [
              T=float
          ]
C:\Users\nicholas\source\repos\SimuladorTermico\SimuladorTermico\CWindow.cpp(158,60): warning C4244: 'argumento': conversão de 'int' para 'T', possível perda de dados
          with
          [
              T=float
          ]
C:\Users\nicholas\source\repos\SimuladorTermico\SimuladorTermico\CWindow.cpp(158,58): warning C4244: 'argumento': conversão de 'int' para 'T', possível perda de dados
          with
          [
              T=float
          ]
C:\Users\nicholas\source\repos\SimuladorTermico\SimuladorTermico\CWindow.cpp(16,12): warning C4101: 'maxTemp': variável local não referenciada
C:\Users\nicholas\source\repos\SimuladorTermico\SimuladorTermico\CWindow.cpp(16,21): warning C4101: 'minTemp': variável local não referenciada
C:\Users\nicholas\source\repos\SimuladorTermico\SimuladorTermico\CWindow.cpp(174,11): warning C4244: 'inicializando': conversão de 'double' para 'int', possível perda de dados
C:\Users\nicholas\source\repos\SimuladorTermico\SimuladorTermico\CWindow.cpp(199,23): warning C4018: '<': incompatibilidade de signed/unsigned
  main.cpp
  Gerando Código...
  SimuladorTermico.vcxproj -> C:\Users\nicholas\source\repos\SimuladorTermico\Debug\SimuladorTermico.exe
